<?xml version="1.0" encoding="UTF-8"?>
<!-- Generated by org.testng.reporters.JUnitReportReporter -->
<testsuite skipped="0" hostname="DESKTOP-LCI2JQ2" name="linkedin5.linkedin5" tests="1" failures="0" timestamp="24 Jan 2018 15:10:19 GMT" time="62.915" errors="0">
  <testcase name="login" time="62.915" classname="linkedin5.linkedin5"/>
</testsuite> <!-- linkedin5.linkedin5 -->
